<?xml version="1.0" encoding="utf-8"?>
<TestRun id="f47670e5-17d7-4a72-b0c8-cf472fd30041" name="n.aglione@PACTXVDIDEV118 2024-08-23 13:22:41" runUser="ITSPTY\n.aglione" xmlns="http://microsoft.com/schemas/VisualStudio/TeamTest/2010">
  <Times creation="2024-08-23T13:22:41.9453359+02:00" queuing="2024-08-23T13:22:41.9453369+02:00" start="2024-08-23T13:20:40.5768059+02:00" finish="2024-08-23T13:26:51.2228821+02:00" />
  <TestSettings name="default" id="578f55f4-2965-45bd-8ee4-9f3347bbb0ef">
    <Deployment runDeploymentRoot="n.aglione_PACTXVDIDEV118_2024-08-23_13_22_41" />
  </TestSettings>
  <Results>
    <UnitTestResult executionId="d0c49c99-e0db-43cd-a941-7485a373ad6b" testId="daa338c2-f925-08ec-a49d-a8c592143df1" testName="MultipleFieldsMessage" computerName="PACTXVDIDEV118" duration="00:02:01.9736590" startTime="2024-08-23T13:22:41.9005114+02:00" endTime="2024-08-23T13:24:43.8750118+02:00" testType="13cdc9d9-ddb5-4fa4-a97d-d965ccfc6d4b" outcome="Passed" testListId="8c84fa94-04c1-424b-9868-57a2d4851a1d" relativeResultsDirectory="d0c49c99-e0db-43cd-a941-7485a373ad6b">
      <Output>
        <StdOut>[testcontainers.org 00:02:00.74] Docker container ad4f9a7ddcb7 created&#xD;
[testcontainers.org 00:02:00.76] Start Docker container ad4f9a7ddcb7&#xD;
[testcontainers.org 00:02:04.28] Execute "mkdir /var/lib/mysql-files" at Docker container ad4f9a7ddcb7&#xD;
[testcontainers.org 00:02:04.28] Add file to tar archive: Content length: 48 byte(s), Target file: "/etc/mysql/my.cnf"&#xD;
[testcontainers.org 00:02:04.28] Copy tar archive to container: Content length: 48 byte(s), Docker container: ad4f9a7ddcb7&#xD;
[testcontainers.org 00:02:04.48] Wait for Docker container ad4f9a7ddcb7 to complete readiness checks&#xD;
[testcontainers.org 00:02:04.49] Execute "mysql Customers --wait --silent --execute=SELECT 1;" at Docker container ad4f9a7ddcb7&#xD;
[testcontainers.org 00:02:05.75] Execute "mysql Customers --wait --silent --execute=SELECT 1;" at Docker container ad4f9a7ddcb7&#xD;
[testcontainers.org 00:02:06.85] Execute "mysql Customers --wait --silent --execute=SELECT 1;" at Docker container ad4f9a7ddcb7&#xD;
[testcontainers.org 00:02:08.07] Execute "mysql Customers --wait --silent --execute=SELECT 1;" at Docker container ad4f9a7ddcb7&#xD;
[testcontainers.org 00:02:09.17] Execute "mysql Customers --wait --silent --execute=SELECT 1;" at Docker container ad4f9a7ddcb7&#xD;
[testcontainers.org 00:02:10.44] Execute "mysql Customers --wait --silent --execute=SELECT 1;" at Docker container ad4f9a7ddcb7&#xD;
[testcontainers.org 00:02:11.62] Execute "mysql Customers --wait --silent --execute=SELECT 1;" at Docker container ad4f9a7ddcb7&#xD;
[testcontainers.org 00:02:12.94] Execute "mysql Customers --wait --silent --execute=SELECT 1;" at Docker container ad4f9a7ddcb7&#xD;
[testcontainers.org 00:02:14.34] Execute "mysql Customers --wait --silent --execute=SELECT 1;" at Docker container ad4f9a7ddcb7&#xD;
[testcontainers.org 00:02:15.73] Execute "mysql Customers --wait --silent --execute=SELECT 1;" at Docker container ad4f9a7ddcb7&#xD;
[testcontainers.org 00:02:17.28] Execute "mysql Customers --wait --silent --execute=SELECT 1;" at Docker container ad4f9a7ddcb7&#xD;
[testcontainers.org 00:02:18.37] Execute "mysql Customers --wait --silent --execute=SELECT 1;" at Docker container ad4f9a7ddcb7&#xD;
[testcontainers.org 00:02:19.47] Execute "mysql Customers --wait --silent --execute=SELECT 1;" at Docker container ad4f9a7ddcb7&#xD;
[testcontainers.org 00:02:20.88] Execute "mysql Customers --wait --silent --execute=SELECT 1;" at Docker container ad4f9a7ddcb7&#xD;
[testcontainers.org 00:02:21.99] Execute "mysql Customers --wait --silent --execute=SELECT 1;" at Docker container ad4f9a7ddcb7&#xD;
[testcontainers.org 00:02:23.47] Execute "mysql Customers --wait --silent --execute=SELECT 1;" at Docker container ad4f9a7ddcb7&#xD;
[testcontainers.org 00:02:24.57] Execute "mysql Customers --wait --silent --execute=SELECT 1;" at Docker container ad4f9a7ddcb7&#xD;
[testcontainers.org 00:02:25.66] Execute "mysql Customers --wait --silent --execute=SELECT 1;" at Docker container ad4f9a7ddcb7&#xD;
[testcontainers.org 00:02:26.78] Execute "mysql Customers --wait --silent --execute=SELECT 1;" at Docker container ad4f9a7ddcb7&#xD;
[testcontainers.org 00:02:28.09] Execute "mysql Customers --wait --silent --execute=SELECT 1;" at Docker container ad4f9a7ddcb7&#xD;
[testcontainers.org 00:02:29.29] Execute "mysql Customers --wait --silent --execute=SELECT 1;" at Docker container ad4f9a7ddcb7&#xD;
[testcontainers.org 00:02:30.42] Execute "mysql Customers --wait --silent --execute=SELECT 1;" at Docker container ad4f9a7ddcb7&#xD;
[testcontainers.org 00:02:31.52] Execute "mysql Customers --wait --silent --execute=SELECT 1;" at Docker container ad4f9a7ddcb7&#xD;
[testcontainers.org 00:02:32.89] Execute "mysql Customers --wait --silent --execute=SELECT 1;" at Docker container ad4f9a7ddcb7&#xD;
[testcontainers.org 00:02:34.08] Execute "mysql Customers --wait --silent --execute=SELECT 1;" at Docker container ad4f9a7ddcb7&#xD;
[testcontainers.org 00:02:35.49] Execute "mysql Customers --wait --silent --execute=SELECT 1;" at Docker container ad4f9a7ddcb7&#xD;
[testcontainers.org 00:02:36.83] Execute "mysql Customers --wait --silent --execute=SELECT 1;" at Docker container ad4f9a7ddcb7&#xD;
[testcontainers.org 00:02:37.92] Execute "mysql Customers --wait --silent --execute=SELECT 1;" at Docker container ad4f9a7ddcb7&#xD;
[testcontainers.org 00:02:39.21] Execute "mysql Customers --wait --silent --execute=SELECT 1;" at Docker container ad4f9a7ddcb7&#xD;
[testcontainers.org 00:02:40.50] Execute "mysql Customers --wait --silent --execute=SELECT 1;" at Docker container ad4f9a7ddcb7&#xD;
[testcontainers.org 00:02:41.85] Execute "mysql Customers --wait --silent --execute=SELECT 1;" at Docker container ad4f9a7ddcb7&#xD;
[testcontainers.org 00:02:43.23] Execute "mysql Customers --wait --silent --execute=SELECT 1;" at Docker container ad4f9a7ddcb7&#xD;
[testcontainers.org 00:02:45.08] Execute "mysql Customers --wait --silent --execute=SELECT 1;" at Docker container ad4f9a7ddcb7&#xD;
[testcontainers.org 00:02:46.68] Execute "mysql Customers --wait --silent --execute=SELECT 1;" at Docker container ad4f9a7ddcb7&#xD;
[testcontainers.org 00:02:47.87] Execute "mysql Customers --wait --silent --execute=SELECT 1;" at Docker container ad4f9a7ddcb7&#xD;
[testcontainers.org 00:02:49.08] Execute "mysql Customers --wait --silent --execute=SELECT 1;" at Docker container ad4f9a7ddcb7&#xD;
[testcontainers.org 00:02:50.48] Execute "mysql Customers --wait --silent --execute=SELECT 1;" at Docker container ad4f9a7ddcb7&#xD;
[testcontainers.org 00:02:51.57] Execute "mysql Customers --wait --silent --execute=SELECT 1;" at Docker container ad4f9a7ddcb7&#xD;
[testcontainers.org 00:02:52.92] Execute "mysql Customers --wait --silent --execute=SELECT 1;" at Docker container ad4f9a7ddcb7&#xD;
[testcontainers.org 00:02:54.35] Execute "mysql Customers --wait --silent --execute=SELECT 1;" at Docker container ad4f9a7ddcb7&#xD;
[testcontainers.org 00:02:55.88] Execute "mysql Customers --wait --silent --execute=SELECT 1;" at Docker container ad4f9a7ddcb7&#xD;
[testcontainers.org 00:02:56.99] Execute "mysql Customers --wait --silent --execute=SELECT 1;" at Docker container ad4f9a7ddcb7&#xD;
[testcontainers.org 00:02:58.42] Execute "mysql Customers --wait --silent --execute=SELECT 1;" at Docker container ad4f9a7ddcb7&#xD;
[testcontainers.org 00:02:58.53] Docker container ad4f9a7ddcb7 ready&#xD;
[testcontainers.org 00:02:59.04] Docker container 9743f0b239c9 created&#xD;
[testcontainers.org 00:02:59.07] Start Docker container 9743f0b239c9&#xD;
[testcontainers.org 00:03:00.87] Wait for Docker container 9743f0b239c9 to complete readiness checks&#xD;
[testcontainers.org 00:03:21.76] Docker container 9743f0b239c9 ready&#xD;
[testcontainers.org 00:03:22.04] Docker container 9be500e2834b created&#xD;
[testcontainers.org 00:03:22.07] Start Docker container 9be500e2834b&#xD;
[testcontainers.org 00:03:23.57] Execute "mkdir /var/lib/mysql-files" at Docker container 9be500e2834b&#xD;
[testcontainers.org 00:03:23.57] Add file to tar archive: Content length: 48 byte(s), Target file: "/etc/mysql/my.cnf"&#xD;
[testcontainers.org 00:03:23.57] Copy tar archive to container: Content length: 48 byte(s), Docker container: 9be500e2834b&#xD;
[testcontainers.org 00:03:23.91] Wait for Docker container 9be500e2834b to complete readiness checks&#xD;
[testcontainers.org 00:03:23.93] Execute "mysql Customers --wait --silent --execute=SELECT 1;" at Docker container 9be500e2834b&#xD;
[testcontainers.org 00:03:25.38] Execute "mysql Customers --wait --silent --execute=SELECT 1;" at Docker container 9be500e2834b&#xD;
[testcontainers.org 00:03:26.48] Execute "mysql Customers --wait --silent --execute=SELECT 1;" at Docker container 9be500e2834b&#xD;
[testcontainers.org 00:03:27.58] Execute "mysql Customers --wait --silent --execute=SELECT 1;" at Docker container 9be500e2834b&#xD;
[testcontainers.org 00:03:28.70] Execute "mysql Customers --wait --silent --execute=SELECT 1;" at Docker container 9be500e2834b&#xD;
[testcontainers.org 00:03:29.91] Execute "mysql Customers --wait --silent --execute=SELECT 1;" at Docker container 9be500e2834b&#xD;
[testcontainers.org 00:03:31.01] Execute "mysql Customers --wait --silent --execute=SELECT 1;" at Docker container 9be500e2834b&#xD;
[testcontainers.org 00:03:32.12] Execute "mysql Customers --wait --silent --execute=SELECT 1;" at Docker container 9be500e2834b&#xD;
[testcontainers.org 00:03:33.28] Execute "mysql Customers --wait --silent --execute=SELECT 1;" at Docker container 9be500e2834b&#xD;
[testcontainers.org 00:03:34.44] Execute "mysql Customers --wait --silent --execute=SELECT 1;" at Docker container 9be500e2834b&#xD;
[testcontainers.org 00:03:35.73] Execute "mysql Customers --wait --silent --execute=SELECT 1;" at Docker container 9be500e2834b&#xD;
[testcontainers.org 00:03:36.96] Execute "mysql Customers --wait --silent --execute=SELECT 1;" at Docker container 9be500e2834b&#xD;
[testcontainers.org 00:03:38.07] Execute "mysql Customers --wait --silent --execute=SELECT 1;" at Docker container 9be500e2834b&#xD;
[testcontainers.org 00:03:39.17] Execute "mysql Customers --wait --silent --execute=SELECT 1;" at Docker container 9be500e2834b&#xD;
[testcontainers.org 00:03:40.27] Execute "mysql Customers --wait --silent --execute=SELECT 1;" at Docker container 9be500e2834b&#xD;
[testcontainers.org 00:03:41.37] Execute "mysql Customers --wait --silent --execute=SELECT 1;" at Docker container 9be500e2834b&#xD;
[testcontainers.org 00:03:42.48] Execute "mysql Customers --wait --silent --execute=SELECT 1;" at Docker container 9be500e2834b&#xD;
[testcontainers.org 00:03:43.59] Execute "mysql Customers --wait --silent --execute=SELECT 1;" at Docker container 9be500e2834b&#xD;
[testcontainers.org 00:03:44.78] Execute "mysql Customers --wait --silent --execute=SELECT 1;" at Docker container 9be500e2834b&#xD;
[testcontainers.org 00:03:46.10] Execute "mysql Customers --wait --silent --execute=SELECT 1;" at Docker container 9be500e2834b&#xD;
[testcontainers.org 00:03:47.72] Execute "mysql Customers --wait --silent --execute=SELECT 1;" at Docker container 9be500e2834b&#xD;
[testcontainers.org 00:03:48.87] Execute "mysql Customers --wait --silent --execute=SELECT 1;" at Docker container 9be500e2834b&#xD;
[testcontainers.org 00:03:50.14] Execute "mysql Customers --wait --silent --execute=SELECT 1;" at Docker container 9be500e2834b&#xD;
[testcontainers.org 00:03:51.26] Execute "mysql Customers --wait --silent --execute=SELECT 1;" at Docker container 9be500e2834b&#xD;
[testcontainers.org 00:03:52.36] Execute "mysql Customers --wait --silent --execute=SELECT 1;" at Docker container 9be500e2834b&#xD;
[testcontainers.org 00:03:53.45] Execute "mysql Customers --wait --silent --execute=SELECT 1;" at Docker container 9be500e2834b&#xD;
[testcontainers.org 00:03:54.54] Execute "mysql Customers --wait --silent --execute=SELECT 1;" at Docker container 9be500e2834b&#xD;
[testcontainers.org 00:03:55.68] Execute "mysql Customers --wait --silent --execute=SELECT 1;" at Docker container 9be500e2834b&#xD;
[testcontainers.org 00:03:56.01] Docker container 9be500e2834b ready&#xD;
Given a RabbitMQ queue named complex_queue&#xD;
-&gt; done: RabbitMqTestStepDefinitions.GivenARabbitMQQueueNamed("complex_queue") (0.0s)&#xD;
When I publish a complex message to the queue&#xD;
-&gt; done: RabbitMqTestStepDefinitions.WhenIPublishAComplexMessageToTheQueue() (0.0s)&#xD;
Then the message from complex_queue should be consumed and validated&#xD;
[testcontainers.org 00:03:56.49] Docker container dae52df92e88 created&#xD;
[testcontainers.org 00:03:56.52] Start Docker container dae52df92e88&#xD;
-&gt; done: RabbitMqTestStepDefinitions.ThenTheMessageShouldBeConsumedAndValidated("complex_queue") (1.0s)&#xD;
[testcontainers.org 00:03:57.30] Delete Docker container ad4f9a7ddcb7&#xD;
[testcontainers.org 00:03:58.42] Delete Docker container 9743f0b239c9&#xD;
[testcontainers.org 00:03:59.09] Execute "mkdir /var/lib/mysql-files" at Docker container dae52df92e88&#xD;
[testcontainers.org 00:03:59.09] Add file to tar archive: Content length: 48 byte(s), Target file: "/etc/mysql/my.cnf"&#xD;
[testcontainers.org 00:03:59.09] Copy tar archive to container: Content length: 48 byte(s), Docker container: dae52df92e88&#xD;
[testcontainers.org 00:03:59.41] Wait for Docker container dae52df92e88 to complete readiness checks&#xD;
[testcontainers.org 00:03:59.67] Execute "mysql Customers --wait --silent --execute=SELECT 1;" at Docker container dae52df92e88&#xD;
[testcontainers.org 00:04:00.42] Delete Docker container 9be500e2834b&#xD;
[testcontainers.org 00:04:01.27] Execute "mysql Customers --wait --silent --execute=SELECT 1;" at Docker container dae52df92e88</StdOut>
      </Output>
    </UnitTestResult>
    <UnitTestResult executionId="06f99e51-14d8-4462-a900-5e7a4a5762ed" testId="c8b6bd16-815c-b820-3fa7-8f7caf5ac9ce" testName="SimpleMessage" computerName="PACTXVDIDEV118" duration="00:02:00.1906010" startTime="2024-08-23T13:20:41.7036176+02:00" endTime="2024-08-23T13:22:41.8949903+02:00" testType="13cdc9d9-ddb5-4fa4-a97d-d965ccfc6d4b" outcome="Passed" testListId="8c84fa94-04c1-424b-9868-57a2d4851a1d" relativeResultsDirectory="06f99e51-14d8-4462-a900-5e7a4a5762ed">
      <Output>
        <StdOut>[testcontainers.org 00:00:00.35] Connected to Docker:&#xD;
  Host: npipe://./pipe/docker_engine&#xD;
  Server Version: 27.1.1&#xD;
  Kernel Version: 5.15.153.1-microsoft-standard-WSL2&#xD;
  API Version: 1.46&#xD;
  Operating System: Docker Desktop&#xD;
  Total Memory: 9.71 GB&#xD;
[testcontainers.org 00:00:00.62] Docker container 08e698576e73 created&#xD;
[testcontainers.org 00:00:00.69] Start Docker container 08e698576e73&#xD;
[testcontainers.org 00:00:02.85] Wait for Docker container 08e698576e73 to complete readiness checks&#xD;
[testcontainers.org 00:00:02.86] Docker container 08e698576e73 ready&#xD;
[testcontainers.org 00:00:03.10] Docker container d0d9eca234a2 created&#xD;
[testcontainers.org 00:00:03.13] Start Docker container d0d9eca234a2&#xD;
[testcontainers.org 00:00:04.65] Execute "mkdir /var/lib/mysql-files" at Docker container d0d9eca234a2&#xD;
[testcontainers.org 00:00:04.66] Add file to tar archive: Content length: 48 byte(s), Target file: "/etc/mysql/my.cnf"&#xD;
[testcontainers.org 00:00:04.68] Copy tar archive to container: Content length: 48 byte(s), Docker container: d0d9eca234a2&#xD;
[testcontainers.org 00:00:04.75] Wait for Docker container d0d9eca234a2 to complete readiness checks&#xD;
[testcontainers.org 00:00:04.77] Execute "mysql Customers --wait --silent --execute=SELECT 1;" at Docker container d0d9eca234a2&#xD;
[testcontainers.org 00:00:05.90] Execute "mysql Customers --wait --silent --execute=SELECT 1;" at Docker container d0d9eca234a2&#xD;
[testcontainers.org 00:00:07.02] Execute "mysql Customers --wait --silent --execute=SELECT 1;" at Docker container d0d9eca234a2&#xD;
[testcontainers.org 00:00:08.12] Execute "mysql Customers --wait --silent --execute=SELECT 1;" at Docker container d0d9eca234a2&#xD;
[testcontainers.org 00:00:09.24] Execute "mysql Customers --wait --silent --execute=SELECT 1;" at Docker container d0d9eca234a2&#xD;
[testcontainers.org 00:00:10.36] Execute "mysql Customers --wait --silent --execute=SELECT 1;" at Docker container d0d9eca234a2&#xD;
[testcontainers.org 00:00:11.47] Execute "mysql Customers --wait --silent --execute=SELECT 1;" at Docker container d0d9eca234a2&#xD;
[testcontainers.org 00:00:12.69] Execute "mysql Customers --wait --silent --execute=SELECT 1;" at Docker container d0d9eca234a2&#xD;
[testcontainers.org 00:00:14.31] Execute "mysql Customers --wait --silent --execute=SELECT 1;" at Docker container d0d9eca234a2&#xD;
[testcontainers.org 00:00:15.56] Execute "mysql Customers --wait --silent --execute=SELECT 1;" at Docker container d0d9eca234a2&#xD;
[testcontainers.org 00:00:17.06] Execute "mysql Customers --wait --silent --execute=SELECT 1;" at Docker container d0d9eca234a2&#xD;
[testcontainers.org 00:00:18.18] Execute "mysql Customers --wait --silent --execute=SELECT 1;" at Docker container d0d9eca234a2&#xD;
[testcontainers.org 00:00:19.28] Execute "mysql Customers --wait --silent --execute=SELECT 1;" at Docker container d0d9eca234a2&#xD;
[testcontainers.org 00:00:20.38] Execute "mysql Customers --wait --silent --execute=SELECT 1;" at Docker container d0d9eca234a2&#xD;
[testcontainers.org 00:00:21.49] Execute "mysql Customers --wait --silent --execute=SELECT 1;" at Docker container d0d9eca234a2&#xD;
[testcontainers.org 00:00:22.59] Execute "mysql Customers --wait --silent --execute=SELECT 1;" at Docker container d0d9eca234a2&#xD;
[testcontainers.org 00:00:23.70] Execute "mysql Customers --wait --silent --execute=SELECT 1;" at Docker container d0d9eca234a2&#xD;
[testcontainers.org 00:00:24.79] Execute "mysql Customers --wait --silent --execute=SELECT 1;" at Docker container d0d9eca234a2&#xD;
[testcontainers.org 00:00:25.89] Execute "mysql Customers --wait --silent --execute=SELECT 1;" at Docker container d0d9eca234a2&#xD;
[testcontainers.org 00:00:26.98] Execute "mysql Customers --wait --silent --execute=SELECT 1;" at Docker container d0d9eca234a2&#xD;
[testcontainers.org 00:00:28.23] Execute "mysql Customers --wait --silent --execute=SELECT 1;" at Docker container d0d9eca234a2&#xD;
[testcontainers.org 00:00:29.67] Execute "mysql Customers --wait --silent --execute=SELECT 1;" at Docker container d0d9eca234a2&#xD;
[testcontainers.org 00:00:30.85] Execute "mysql Customers --wait --silent --execute=SELECT 1;" at Docker container d0d9eca234a2&#xD;
[testcontainers.org 00:00:32.24] Execute "mysql Customers --wait --silent --execute=SELECT 1;" at Docker container d0d9eca234a2&#xD;
[testcontainers.org 00:00:34.07] Execute "mysql Customers --wait --silent --execute=SELECT 1;" at Docker container d0d9eca234a2&#xD;
[testcontainers.org 00:00:35.48] Execute "mysql Customers --wait --silent --execute=SELECT 1;" at Docker container d0d9eca234a2&#xD;
[testcontainers.org 00:00:36.75] Execute "mysql Customers --wait --silent --execute=SELECT 1;" at Docker container d0d9eca234a2&#xD;
[testcontainers.org 00:00:38.16] Execute "mysql Customers --wait --silent --execute=SELECT 1;" at Docker container d0d9eca234a2&#xD;
[testcontainers.org 00:00:39.26] Execute "mysql Customers --wait --silent --execute=SELECT 1;" at Docker container d0d9eca234a2&#xD;
[testcontainers.org 00:00:40.48] Execute "mysql Customers --wait --silent --execute=SELECT 1;" at Docker container d0d9eca234a2&#xD;
[testcontainers.org 00:00:41.63] Execute "mysql Customers --wait --silent --execute=SELECT 1;" at Docker container d0d9eca234a2&#xD;
[testcontainers.org 00:00:43.23] Execute "mysql Customers --wait --silent --execute=SELECT 1;" at Docker container d0d9eca234a2&#xD;
[testcontainers.org 00:00:44.67] Execute "mysql Customers --wait --silent --execute=SELECT 1;" at Docker container d0d9eca234a2&#xD;
[testcontainers.org 00:00:46.07] Execute "mysql Customers --wait --silent --execute=SELECT 1;" at Docker container d0d9eca234a2&#xD;
[testcontainers.org 00:00:47.48] Execute "mysql Customers --wait --silent --execute=SELECT 1;" at Docker container d0d9eca234a2&#xD;
[testcontainers.org 00:00:48.76] Execute "mysql Customers --wait --silent --execute=SELECT 1;" at Docker container d0d9eca234a2&#xD;
[testcontainers.org 00:00:49.99] Execute "mysql Customers --wait --silent --execute=SELECT 1;" at Docker container d0d9eca234a2&#xD;
[testcontainers.org 00:00:51.08] Execute "mysql Customers --wait --silent --execute=SELECT 1;" at Docker container d0d9eca234a2&#xD;
[testcontainers.org 00:00:52.18] Execute "mysql Customers --wait --silent --execute=SELECT 1;" at Docker container d0d9eca234a2&#xD;
[testcontainers.org 00:00:53.50] Execute "mysql Customers --wait --silent --execute=SELECT 1;" at Docker container d0d9eca234a2&#xD;
[testcontainers.org 00:00:53.63] Docker container d0d9eca234a2 ready&#xD;
[testcontainers.org 00:00:54.35] Docker container f4f49ba0515c created&#xD;
[testcontainers.org 00:00:54.38] Start Docker container f4f49ba0515c&#xD;
[testcontainers.org 00:00:56.36] Wait for Docker container f4f49ba0515c to complete readiness checks&#xD;
[testcontainers.org 00:01:20.16] Docker container f4f49ba0515c ready&#xD;
[testcontainers.org 00:01:20.55] Docker container cf91ee4a954e created&#xD;
[testcontainers.org 00:01:20.58] Start Docker container cf91ee4a954e&#xD;
[testcontainers.org 00:01:22.19] Execute "mkdir /var/lib/mysql-files" at Docker container cf91ee4a954e&#xD;
[testcontainers.org 00:01:22.19] Add file to tar archive: Content length: 48 byte(s), Target file: "/etc/mysql/my.cnf"&#xD;
[testcontainers.org 00:01:22.19] Copy tar archive to container: Content length: 48 byte(s), Docker container: cf91ee4a954e&#xD;
[testcontainers.org 00:01:22.30] Wait for Docker container cf91ee4a954e to complete readiness checks&#xD;
[testcontainers.org 00:01:22.32] Execute "mysql Customers --wait --silent --execute=SELECT 1;" at Docker container cf91ee4a954e&#xD;
[testcontainers.org 00:01:23.44] Execute "mysql Customers --wait --silent --execute=SELECT 1;" at Docker container cf91ee4a954e&#xD;
[testcontainers.org 00:01:24.54] Execute "mysql Customers --wait --silent --execute=SELECT 1;" at Docker container cf91ee4a954e&#xD;
[testcontainers.org 00:01:25.66] Execute "mysql Customers --wait --silent --execute=SELECT 1;" at Docker container cf91ee4a954e&#xD;
[testcontainers.org 00:01:26.78] Execute "mysql Customers --wait --silent --execute=SELECT 1;" at Docker container cf91ee4a954e&#xD;
[testcontainers.org 00:01:27.89] Execute "mysql Customers --wait --silent --execute=SELECT 1;" at Docker container cf91ee4a954e&#xD;
[testcontainers.org 00:01:29.00] Execute "mysql Customers --wait --silent --execute=SELECT 1;" at Docker container cf91ee4a954e&#xD;
[testcontainers.org 00:01:30.09] Execute "mysql Customers --wait --silent --execute=SELECT 1;" at Docker container cf91ee4a954e&#xD;
[testcontainers.org 00:01:31.21] Execute "mysql Customers --wait --silent --execute=SELECT 1;" at Docker container cf91ee4a954e&#xD;
[testcontainers.org 00:01:32.45] Execute "mysql Customers --wait --silent --execute=SELECT 1;" at Docker container cf91ee4a954e&#xD;
[testcontainers.org 00:01:33.58] Execute "mysql Customers --wait --silent --execute=SELECT 1;" at Docker container cf91ee4a954e&#xD;
[testcontainers.org 00:01:34.67] Execute "mysql Customers --wait --silent --execute=SELECT 1;" at Docker container cf91ee4a954e&#xD;
[testcontainers.org 00:01:35.78] Execute "mysql Customers --wait --silent --execute=SELECT 1;" at Docker container cf91ee4a954e&#xD;
[testcontainers.org 00:01:36.88] Execute "mysql Customers --wait --silent --execute=SELECT 1;" at Docker container cf91ee4a954e&#xD;
[testcontainers.org 00:01:37.98] Execute "mysql Customers --wait --silent --execute=SELECT 1;" at Docker container cf91ee4a954e&#xD;
[testcontainers.org 00:01:39.08] Execute "mysql Customers --wait --silent --execute=SELECT 1;" at Docker container cf91ee4a954e&#xD;
[testcontainers.org 00:01:40.20] Execute "mysql Customers --wait --silent --execute=SELECT 1;" at Docker container cf91ee4a954e&#xD;
[testcontainers.org 00:01:41.32] Execute "mysql Customers --wait --silent --execute=SELECT 1;" at Docker container cf91ee4a954e&#xD;
[testcontainers.org 00:01:42.43] Execute "mysql Customers --wait --silent --execute=SELECT 1;" at Docker container cf91ee4a954e&#xD;
[testcontainers.org 00:01:43.57] Execute "mysql Customers --wait --silent --execute=SELECT 1;" at Docker container cf91ee4a954e&#xD;
[testcontainers.org 00:01:44.69] Execute "mysql Customers --wait --silent --execute=SELECT 1;" at Docker container cf91ee4a954e&#xD;
[testcontainers.org 00:01:45.93] Execute "mysql Customers --wait --silent --execute=SELECT 1;" at Docker container cf91ee4a954e&#xD;
[testcontainers.org 00:01:47.17] Execute "mysql Customers --wait --silent --execute=SELECT 1;" at Docker container cf91ee4a954e&#xD;
[testcontainers.org 00:01:48.33] Execute "mysql Customers --wait --silent --execute=SELECT 1;" at Docker container cf91ee4a954e&#xD;
[testcontainers.org 00:01:49.50] Execute "mysql Customers --wait --silent --execute=SELECT 1;" at Docker container cf91ee4a954e&#xD;
[testcontainers.org 00:01:50.60] Execute "mysql Customers --wait --silent --execute=SELECT 1;" at Docker container cf91ee4a954e&#xD;
[testcontainers.org 00:01:51.70] Execute "mysql Customers --wait --silent --execute=SELECT 1;" at Docker container cf91ee4a954e&#xD;
[testcontainers.org 00:01:52.79] Execute "mysql Customers --wait --silent --execute=SELECT 1;" at Docker container cf91ee4a954e&#xD;
[testcontainers.org 00:01:53.88] Execute "mysql Customers --wait --silent --execute=SELECT 1;" at Docker container cf91ee4a954e&#xD;
[testcontainers.org 00:01:54.01] Docker container cf91ee4a954e ready&#xD;
Given a RabbitMQ queue named simple_queue&#xD;
-&gt; done: RabbitMqTestStepDefinitions.GivenARabbitMQQueueNamed("simple_queue") (0.0s)&#xD;
When I publish a message to the queue simple_queue&#xD;
-&gt; done: RabbitMqTestStepDefinitions.WhenIPublishASimpleMessageToTheQueue("simple_queue") (0.0s)&#xD;
Then the message from simple_queue should be consumed and validated&#xD;
[testcontainers.org 00:01:54.73] Docker container 7da04833340a created&#xD;
[testcontainers.org 00:01:54.75] Start Docker container 7da04833340a&#xD;
-&gt; done: RabbitMqTestStepDefinitions.ThenTheMessageShouldBeConsumedAndValidated("simple_queue") (1.1s)&#xD;
[testcontainers.org 00:01:55.58] Delete Docker container d0d9eca234a2&#xD;
[testcontainers.org 00:01:56.44] Execute "mkdir /var/lib/mysql-files" at Docker container 7da04833340a&#xD;
[testcontainers.org 00:01:56.44] Add file to tar archive: Content length: 48 byte(s), Target file: "/etc/mysql/my.cnf"&#xD;
[testcontainers.org 00:01:56.44] Copy tar archive to container: Content length: 48 byte(s), Docker container: 7da04833340a&#xD;
[testcontainers.org 00:01:57.07] Wait for Docker container 7da04833340a to complete readiness checks&#xD;
[testcontainers.org 00:01:57.10] Execute "mysql Customers --wait --silent --execute=SELECT 1;" at Docker container 7da04833340a&#xD;
[testcontainers.org 00:01:57.85] Delete Docker container f4f49ba0515c&#xD;
[testcontainers.org 00:01:58.28] Execute "mysql Customers --wait --silent --execute=SELECT 1;" at Docker container 7da04833340a&#xD;
[testcontainers.org 00:01:58.98] Delete Docker container cf91ee4a954e&#xD;
[testcontainers.org 00:01:59.76] Execute "mysql Customers --wait --silent --execute=SELECT 1;" at Docker container 7da04833340a</StdOut>
      </Output>
    </UnitTestResult>
    <UnitTestResult executionId="8c4797c9-6c8a-451d-b79a-22541b11cdbf" testId="542b61e8-e0e3-97b5-3749-dab70bc028a6" testName="ListQueue" computerName="PACTXVDIDEV118" duration="00:02:07.0655900" startTime="2024-08-23T13:24:43.8761500+02:00" endTime="2024-08-23T13:26:50.9426057+02:00" testType="13cdc9d9-ddb5-4fa4-a97d-d965ccfc6d4b" outcome="Passed" testListId="8c84fa94-04c1-424b-9868-57a2d4851a1d" relativeResultsDirectory="8c4797c9-6c8a-451d-b79a-22541b11cdbf">
      <Output>
        <StdOut>[testcontainers.org 00:04:02.91] Docker container 173a57d7ee97 created&#xD;
[testcontainers.org 00:04:02.93] Start Docker container 173a57d7ee97&#xD;
[testcontainers.org 00:04:06.21] Execute "mkdir /var/lib/mysql-files" at Docker container 173a57d7ee97&#xD;
[testcontainers.org 00:04:06.21] Add file to tar archive: Content length: 48 byte(s), Target file: "/etc/mysql/my.cnf"&#xD;
[testcontainers.org 00:04:06.21] Copy tar archive to container: Content length: 48 byte(s), Docker container: 173a57d7ee97&#xD;
[testcontainers.org 00:04:06.57] Wait for Docker container 173a57d7ee97 to complete readiness checks&#xD;
[testcontainers.org 00:04:06.76] Execute "mysql Customers --wait --silent --execute=SELECT 1;" at Docker container 173a57d7ee97&#xD;
[testcontainers.org 00:04:07.98] Execute "mysql Customers --wait --silent --execute=SELECT 1;" at Docker container 173a57d7ee97&#xD;
[testcontainers.org 00:04:09.30] Execute "mysql Customers --wait --silent --execute=SELECT 1;" at Docker container 173a57d7ee97&#xD;
[testcontainers.org 00:04:10.51] Execute "mysql Customers --wait --silent --execute=SELECT 1;" at Docker container 173a57d7ee97&#xD;
[testcontainers.org 00:04:11.67] Execute "mysql Customers --wait --silent --execute=SELECT 1;" at Docker container 173a57d7ee97&#xD;
[testcontainers.org 00:04:12.78] Execute "mysql Customers --wait --silent --execute=SELECT 1;" at Docker container 173a57d7ee97&#xD;
[testcontainers.org 00:04:14.12] Execute "mysql Customers --wait --silent --execute=SELECT 1;" at Docker container 173a57d7ee97&#xD;
[testcontainers.org 00:04:15.28] Execute "mysql Customers --wait --silent --execute=SELECT 1;" at Docker container 173a57d7ee97&#xD;
[testcontainers.org 00:04:16.48] Execute "mysql Customers --wait --silent --execute=SELECT 1;" at Docker container 173a57d7ee97&#xD;
[testcontainers.org 00:04:17.57] Execute "mysql Customers --wait --silent --execute=SELECT 1;" at Docker container 173a57d7ee97&#xD;
[testcontainers.org 00:04:18.93] Execute "mysql Customers --wait --silent --execute=SELECT 1;" at Docker container 173a57d7ee97&#xD;
[testcontainers.org 00:04:20.02] Execute "mysql Customers --wait --silent --execute=SELECT 1;" at Docker container 173a57d7ee97&#xD;
[testcontainers.org 00:04:21.18] Execute "mysql Customers --wait --silent --execute=SELECT 1;" at Docker container 173a57d7ee97&#xD;
[testcontainers.org 00:04:22.27] Execute "mysql Customers --wait --silent --execute=SELECT 1;" at Docker container 173a57d7ee97&#xD;
[testcontainers.org 00:04:23.67] Execute "mysql Customers --wait --silent --execute=SELECT 1;" at Docker container 173a57d7ee97&#xD;
[testcontainers.org 00:04:24.78] Execute "mysql Customers --wait --silent --execute=SELECT 1;" at Docker container 173a57d7ee97&#xD;
[testcontainers.org 00:04:26.13] Execute "mysql Customers --wait --silent --execute=SELECT 1;" at Docker container 173a57d7ee97&#xD;
[testcontainers.org 00:04:27.52] Execute "mysql Customers --wait --silent --execute=SELECT 1;" at Docker container 173a57d7ee97&#xD;
[testcontainers.org 00:04:28.83] Execute "mysql Customers --wait --silent --execute=SELECT 1;" at Docker container 173a57d7ee97&#xD;
[testcontainers.org 00:04:29.92] Execute "mysql Customers --wait --silent --execute=SELECT 1;" at Docker container 173a57d7ee97&#xD;
[testcontainers.org 00:04:31.12] Execute "mysql Customers --wait --silent --execute=SELECT 1;" at Docker container 173a57d7ee97&#xD;
[testcontainers.org 00:04:32.28] Execute "mysql Customers --wait --silent --execute=SELECT 1;" at Docker container 173a57d7ee97&#xD;
[testcontainers.org 00:04:33.48] Execute "mysql Customers --wait --silent --execute=SELECT 1;" at Docker container 173a57d7ee97&#xD;
[testcontainers.org 00:04:34.57] Execute "mysql Customers --wait --silent --execute=SELECT 1;" at Docker container 173a57d7ee97&#xD;
[testcontainers.org 00:04:35.67] Execute "mysql Customers --wait --silent --execute=SELECT 1;" at Docker container 173a57d7ee97&#xD;
[testcontainers.org 00:04:37.12] Execute "mysql Customers --wait --silent --execute=SELECT 1;" at Docker container 173a57d7ee97&#xD;
[testcontainers.org 00:04:38.39] Execute "mysql Customers --wait --silent --execute=SELECT 1;" at Docker container 173a57d7ee97&#xD;
[testcontainers.org 00:04:39.90] Execute "mysql Customers --wait --silent --execute=SELECT 1;" at Docker container 173a57d7ee97&#xD;
[testcontainers.org 00:04:41.48] Execute "mysql Customers --wait --silent --execute=SELECT 1;" at Docker container 173a57d7ee97&#xD;
[testcontainers.org 00:04:42.82] Execute "mysql Customers --wait --silent --execute=SELECT 1;" at Docker container 173a57d7ee97&#xD;
[testcontainers.org 00:04:44.09] Execute "mysql Customers --wait --silent --execute=SELECT 1;" at Docker container 173a57d7ee97&#xD;
[testcontainers.org 00:04:45.43] Execute "mysql Customers --wait --silent --execute=SELECT 1;" at Docker container 173a57d7ee97&#xD;
[testcontainers.org 00:04:47.29] Execute "mysql Customers --wait --silent --execute=SELECT 1;" at Docker container 173a57d7ee97&#xD;
[testcontainers.org 00:04:48.54] Execute "mysql Customers --wait --silent --execute=SELECT 1;" at Docker container 173a57d7ee97&#xD;
[testcontainers.org 00:04:49.88] Execute "mysql Customers --wait --silent --execute=SELECT 1;" at Docker container 173a57d7ee97&#xD;
[testcontainers.org 00:04:51.08] Execute "mysql Customers --wait --silent --execute=SELECT 1;" at Docker container 173a57d7ee97&#xD;
[testcontainers.org 00:04:52.17] Execute "mysql Customers --wait --silent --execute=SELECT 1;" at Docker container 173a57d7ee97&#xD;
[testcontainers.org 00:04:53.35] Execute "mysql Customers --wait --silent --execute=SELECT 1;" at Docker container 173a57d7ee97&#xD;
[testcontainers.org 00:04:54.70] Execute "mysql Customers --wait --silent --execute=SELECT 1;" at Docker container 173a57d7ee97&#xD;
[testcontainers.org 00:04:55.81] Execute "mysql Customers --wait --silent --execute=SELECT 1;" at Docker container 173a57d7ee97&#xD;
[testcontainers.org 00:04:56.90] Execute "mysql Customers --wait --silent --execute=SELECT 1;" at Docker container 173a57d7ee97&#xD;
[testcontainers.org 00:04:57.99] Execute "mysql Customers --wait --silent --execute=SELECT 1;" at Docker container 173a57d7ee97&#xD;
[testcontainers.org 00:04:59.11] Execute "mysql Customers --wait --silent --execute=SELECT 1;" at Docker container 173a57d7ee97&#xD;
[testcontainers.org 00:05:00.21] Execute "mysql Customers --wait --silent --execute=SELECT 1;" at Docker container 173a57d7ee97&#xD;
[testcontainers.org 00:05:01.67] Execute "mysql Customers --wait --silent --execute=SELECT 1;" at Docker container 173a57d7ee97&#xD;
[testcontainers.org 00:05:02.80] Execute "mysql Customers --wait --silent --execute=SELECT 1;" at Docker container 173a57d7ee97&#xD;
[testcontainers.org 00:05:02.93] Docker container 173a57d7ee97 ready&#xD;
[testcontainers.org 00:05:03.83] Docker container e2cb027f0245 created&#xD;
[testcontainers.org 00:05:03.85] Start Docker container e2cb027f0245&#xD;
[testcontainers.org 00:05:05.92] Wait for Docker container e2cb027f0245 to complete readiness checks&#xD;
[testcontainers.org 00:05:26.65] Docker container e2cb027f0245 ready&#xD;
[testcontainers.org 00:05:27.18] Docker container a02ab531950e created&#xD;
[testcontainers.org 00:05:27.20] Start Docker container a02ab531950e&#xD;
[testcontainers.org 00:05:29.00] Execute "mkdir /var/lib/mysql-files" at Docker container a02ab531950e&#xD;
[testcontainers.org 00:05:29.00] Add file to tar archive: Content length: 48 byte(s), Target file: "/etc/mysql/my.cnf"&#xD;
[testcontainers.org 00:05:29.00] Copy tar archive to container: Content length: 48 byte(s), Docker container: a02ab531950e&#xD;
[testcontainers.org 00:05:29.09] Wait for Docker container a02ab531950e to complete readiness checks&#xD;
[testcontainers.org 00:05:29.10] Execute "mysql Customers --wait --silent --execute=SELECT 1;" at Docker container a02ab531950e&#xD;
[testcontainers.org 00:05:30.45] Execute "mysql Customers --wait --silent --execute=SELECT 1;" at Docker container a02ab531950e&#xD;
[testcontainers.org 00:05:31.55] Execute "mysql Customers --wait --silent --execute=SELECT 1;" at Docker container a02ab531950e&#xD;
[testcontainers.org 00:05:32.64] Execute "mysql Customers --wait --silent --execute=SELECT 1;" at Docker container a02ab531950e&#xD;
[testcontainers.org 00:05:33.77] Execute "mysql Customers --wait --silent --execute=SELECT 1;" at Docker container a02ab531950e&#xD;
[testcontainers.org 00:05:34.98] Execute "mysql Customers --wait --silent --execute=SELECT 1;" at Docker container a02ab531950e&#xD;
[testcontainers.org 00:05:36.12] Execute "mysql Customers --wait --silent --execute=SELECT 1;" at Docker container a02ab531950e&#xD;
[testcontainers.org 00:05:37.24] Execute "mysql Customers --wait --silent --execute=SELECT 1;" at Docker container a02ab531950e&#xD;
[testcontainers.org 00:05:38.55] Execute "mysql Customers --wait --silent --execute=SELECT 1;" at Docker container a02ab531950e&#xD;
[testcontainers.org 00:05:39.66] Execute "mysql Customers --wait --silent --execute=SELECT 1;" at Docker container a02ab531950e&#xD;
[testcontainers.org 00:05:40.75] Execute "mysql Customers --wait --silent --execute=SELECT 1;" at Docker container a02ab531950e&#xD;
[testcontainers.org 00:05:41.92] Execute "mysql Customers --wait --silent --execute=SELECT 1;" at Docker container a02ab531950e&#xD;
[testcontainers.org 00:05:43.19] Execute "mysql Customers --wait --silent --execute=SELECT 1;" at Docker container a02ab531950e&#xD;
[testcontainers.org 00:05:44.45] Execute "mysql Customers --wait --silent --execute=SELECT 1;" at Docker container a02ab531950e&#xD;
[testcontainers.org 00:05:45.84] Execute "mysql Customers --wait --silent --execute=SELECT 1;" at Docker container a02ab531950e&#xD;
[testcontainers.org 00:05:46.94] Execute "mysql Customers --wait --silent --execute=SELECT 1;" at Docker container a02ab531950e&#xD;
[testcontainers.org 00:05:48.06] Execute "mysql Customers --wait --silent --execute=SELECT 1;" at Docker container a02ab531950e&#xD;
[testcontainers.org 00:05:49.16] Execute "mysql Customers --wait --silent --execute=SELECT 1;" at Docker container a02ab531950e&#xD;
[testcontainers.org 00:05:50.27] Execute "mysql Customers --wait --silent --execute=SELECT 1;" at Docker container a02ab531950e&#xD;
[testcontainers.org 00:05:51.40] Execute "mysql Customers --wait --silent --execute=SELECT 1;" at Docker container a02ab531950e&#xD;
[testcontainers.org 00:05:52.51] Execute "mysql Customers --wait --silent --execute=SELECT 1;" at Docker container a02ab531950e&#xD;
[testcontainers.org 00:05:53.62] Execute "mysql Customers --wait --silent --execute=SELECT 1;" at Docker container a02ab531950e&#xD;
[testcontainers.org 00:05:55.08] Execute "mysql Customers --wait --silent --execute=SELECT 1;" at Docker container a02ab531950e&#xD;
[testcontainers.org 00:05:56.49] Execute "mysql Customers --wait --silent --execute=SELECT 1;" at Docker container a02ab531950e&#xD;
[testcontainers.org 00:05:57.59] Execute "mysql Customers --wait --silent --execute=SELECT 1;" at Docker container a02ab531950e&#xD;
[testcontainers.org 00:05:58.69] Execute "mysql Customers --wait --silent --execute=SELECT 1;" at Docker container a02ab531950e&#xD;
[testcontainers.org 00:05:59.79] Execute "mysql Customers --wait --silent --execute=SELECT 1;" at Docker container a02ab531950e&#xD;
[testcontainers.org 00:06:00.88] Execute "mysql Customers --wait --silent --execute=SELECT 1;" at Docker container a02ab531950e&#xD;
[testcontainers.org 00:06:01.99] Execute "mysql Customers --wait --silent --execute=SELECT 1;" at Docker container a02ab531950e&#xD;
[testcontainers.org 00:06:03.09] Execute "mysql Customers --wait --silent --execute=SELECT 1;" at Docker container a02ab531950e&#xD;
[testcontainers.org 00:06:03.21] Docker container a02ab531950e ready&#xD;
Given a RabbitMQ queue named list_queue&#xD;
-&gt; done: RabbitMqTestStepDefinitions.GivenARabbitMQQueueNamed("list_queue") (0.0s)&#xD;
When I publish a list message to the queue&#xD;
-&gt; done: RabbitMqTestStepDefinitions.WhenIPublishAListMessageToTheQueue() (0.0s)&#xD;
Then the message from list_queue should be consumed and validated&#xD;
[testcontainers.org 00:06:03.68] Docker container 4b680413142f created&#xD;
[testcontainers.org 00:06:03.71] Start Docker container 4b680413142f&#xD;
-&gt; done: RabbitMqTestStepDefinitions.ThenTheMessageShouldBeConsumedAndValidated("list_queue") (1.0s)&#xD;
[testcontainers.org 00:06:04.45] Delete Docker container 173a57d7ee97&#xD;
[testcontainers.org 00:06:05.47] Execute "mkdir /var/lib/mysql-files" at Docker container 4b680413142f&#xD;
[testcontainers.org 00:06:05.47] Add file to tar archive: Content length: 48 byte(s), Target file: "/etc/mysql/my.cnf"&#xD;
[testcontainers.org 00:06:05.47] Copy tar archive to container: Content length: 48 byte(s), Docker container: 4b680413142f&#xD;
[testcontainers.org 00:06:05.88] Wait for Docker container 4b680413142f to complete readiness checks&#xD;
[testcontainers.org 00:06:05.90] Execute "mysql Customers --wait --silent --execute=SELECT 1;" at Docker container 4b680413142f&#xD;
[testcontainers.org 00:06:06.41] Delete Docker container e2cb027f0245&#xD;
[testcontainers.org 00:06:07.01] Execute "mysql Customers --wait --silent --execute=SELECT 1;" at Docker container 4b680413142f&#xD;
[testcontainers.org 00:06:07.80] Delete Docker container a02ab531950e&#xD;
[testcontainers.org 00:06:08.28] Execute "mysql Customers --wait --silent --execute=SELECT 1;" at Docker container 4b680413142f</StdOut>
      </Output>
    </UnitTestResult>
  </Results>
  <TestDefinitions>
    <UnitTest name="MultipleFieldsMessage" storage="c:\users\n.aglione\source\repos\playwrighttest\bin\debug\net8.0\playwrighttest.dll" id="daa338c2-f925-08ec-a49d-a8c592143df1">
      <Execution id="d0c49c99-e0db-43cd-a941-7485a373ad6b" />
      <TestMethod codeBase="C:\Users\n.aglione\source\repos\PlaywrightTest\bin\Debug\net8.0\PlaywrightTest.dll" adapterTypeName="executor://nunit3testexecutor/" className="PlaywrightTest.Features.RabbitMqTestBFeature" name="MultipleFieldsMessage" />
    </UnitTest>
    <UnitTest name="SimpleMessage" storage="c:\users\n.aglione\source\repos\playwrighttest\bin\debug\net8.0\playwrighttest.dll" id="c8b6bd16-815c-b820-3fa7-8f7caf5ac9ce">
      <Execution id="06f99e51-14d8-4462-a900-5e7a4a5762ed" />
      <TestMethod codeBase="C:\Users\n.aglione\source\repos\PlaywrightTest\bin\Debug\net8.0\PlaywrightTest.dll" adapterTypeName="executor://nunit3testexecutor/" className="PlaywrightTest.Features.RabbitMqTestAFeature" name="SimpleMessage" />
    </UnitTest>
    <UnitTest name="ListQueue" storage="c:\users\n.aglione\source\repos\playwrighttest\bin\debug\net8.0\playwrighttest.dll" id="542b61e8-e0e3-97b5-3749-dab70bc028a6">
      <Execution id="8c4797c9-6c8a-451d-b79a-22541b11cdbf" />
      <TestMethod codeBase="C:\Users\n.aglione\source\repos\PlaywrightTest\bin\Debug\net8.0\PlaywrightTest.dll" adapterTypeName="executor://nunit3testexecutor/" className="PlaywrightTest.Features.RabbitMqTestCFeature" name="ListQueue" />
    </UnitTest>
  </TestDefinitions>
  <TestEntries>
    <TestEntry testId="daa338c2-f925-08ec-a49d-a8c592143df1" executionId="d0c49c99-e0db-43cd-a941-7485a373ad6b" testListId="8c84fa94-04c1-424b-9868-57a2d4851a1d" />
    <TestEntry testId="c8b6bd16-815c-b820-3fa7-8f7caf5ac9ce" executionId="06f99e51-14d8-4462-a900-5e7a4a5762ed" testListId="8c84fa94-04c1-424b-9868-57a2d4851a1d" />
    <TestEntry testId="542b61e8-e0e3-97b5-3749-dab70bc028a6" executionId="8c4797c9-6c8a-451d-b79a-22541b11cdbf" testListId="8c84fa94-04c1-424b-9868-57a2d4851a1d" />
  </TestEntries>
  <TestLists>
    <TestList name="Results Not in a List" id="8c84fa94-04c1-424b-9868-57a2d4851a1d" />
    <TestList name="All Loaded Results" id="19431567-8539-422a-85d7-44ee4e166bda" />
  </TestLists>
  <ResultSummary outcome="Completed">
    <Counters total="3" executed="3" passed="3" failed="0" error="0" timeout="0" aborted="0" inconclusive="0" passedButRunAborted="0" notRunnable="0" notExecuted="0" disconnected="0" warning="0" completed="0" inProgress="0" pending="0" />
    <Output>
      <StdOut>NUnit Adapter 4.6.0.0: Test execution started&#xD;
Running selected tests in C:\Users\n.aglione\source\repos\PlaywrightTest\bin\Debug\net8.0\PlaywrightTest.dll&#xD;
   NUnit3TestExecutor discovered 3 of 3 NUnit test cases using Current Discovery mode, Non-Explicit run&#xD;
[testcontainers.org 00:00:00.35] Connected to Docker:&#xD;
  Host: npipe://./pipe/docker_engine&#xD;
  Server Version: 27.1.1&#xD;
  Kernel Version: 5.15.153.1-microsoft-standard-WSL2&#xD;
  API Version: 1.46&#xD;
  Operating System: Docker Desktop&#xD;
  Total Memory: 9.71 GB&#xD;
[testcontainers.org 00:00:00.62] Docker container 08e698576e73 created&#xD;
[testcontainers.org 00:00:00.69] Start Docker container 08e698576e73&#xD;
[testcontainers.org 00:00:02.85] Wait for Docker container 08e698576e73 to complete readiness checks&#xD;
[testcontainers.org 00:00:02.86] Docker container 08e698576e73 ready&#xD;
[testcontainers.org 00:00:03.10] Docker container d0d9eca234a2 created&#xD;
[testcontainers.org 00:00:03.13] Start Docker container d0d9eca234a2&#xD;
[testcontainers.org 00:00:04.65] Execute "mkdir /var/lib/mysql-files" at Docker container d0d9eca234a2&#xD;
[testcontainers.org 00:00:04.66] Add file to tar archive: Content length: 48 byte(s), Target file: "/etc/mysql/my.cnf"&#xD;
[testcontainers.org 00:00:04.68] Copy tar archive to container: Content length: 48 byte(s), Docker container: d0d9eca234a2&#xD;
[testcontainers.org 00:00:04.75] Wait for Docker container d0d9eca234a2 to complete readiness checks&#xD;
[testcontainers.org 00:00:04.77] Execute "mysql Customers --wait --silent --execute=SELECT 1;" at Docker container d0d9eca234a2&#xD;
[testcontainers.org 00:00:05.90] Execute "mysql Customers --wait --silent --execute=SELECT 1;" at Docker container d0d9eca234a2&#xD;
[testcontainers.org 00:00:07.02] Execute "mysql Customers --wait --silent --execute=SELECT 1;" at Docker container d0d9eca234a2&#xD;
[testcontainers.org 00:00:08.12] Execute "mysql Customers --wait --silent --execute=SELECT 1;" at Docker container d0d9eca234a2&#xD;
[testcontainers.org 00:00:09.24] Execute "mysql Customers --wait --silent --execute=SELECT 1;" at Docker container d0d9eca234a2&#xD;
[testcontainers.org 00:00:10.36] Execute "mysql Customers --wait --silent --execute=SELECT 1;" at Docker container d0d9eca234a2&#xD;
[testcontainers.org 00:00:11.47] Execute "mysql Customers --wait --silent --execute=SELECT 1;" at Docker container d0d9eca234a2&#xD;
[testcontainers.org 00:00:12.69] Execute "mysql Customers --wait --silent --execute=SELECT 1;" at Docker container d0d9eca234a2&#xD;
[testcontainers.org 00:00:14.31] Execute "mysql Customers --wait --silent --execute=SELECT 1;" at Docker container d0d9eca234a2&#xD;
[testcontainers.org 00:00:15.56] Execute "mysql Customers --wait --silent --execute=SELECT 1;" at Docker container d0d9eca234a2&#xD;
[testcontainers.org 00:00:17.06] Execute "mysql Customers --wait --silent --execute=SELECT 1;" at Docker container d0d9eca234a2&#xD;
[testcontainers.org 00:00:18.18] Execute "mysql Customers --wait --silent --execute=SELECT 1;" at Docker container d0d9eca234a2&#xD;
[testcontainers.org 00:00:19.28] Execute "mysql Customers --wait --silent --execute=SELECT 1;" at Docker container d0d9eca234a2&#xD;
[testcontainers.org 00:00:20.38] Execute "mysql Customers --wait --silent --execute=SELECT 1;" at Docker container d0d9eca234a2&#xD;
[testcontainers.org 00:00:21.49] Execute "mysql Customers --wait --silent --execute=SELECT 1;" at Docker container d0d9eca234a2&#xD;
[testcontainers.org 00:00:22.59] Execute "mysql Customers --wait --silent --execute=SELECT 1;" at Docker container d0d9eca234a2&#xD;
[testcontainers.org 00:00:23.70] Execute "mysql Customers --wait --silent --execute=SELECT 1;" at Docker container d0d9eca234a2&#xD;
[testcontainers.org 00:00:24.79] Execute "mysql Customers --wait --silent --execute=SELECT 1;" at Docker container d0d9eca234a2&#xD;
[testcontainers.org 00:00:25.89] Execute "mysql Customers --wait --silent --execute=SELECT 1;" at Docker container d0d9eca234a2&#xD;
[testcontainers.org 00:00:26.98] Execute "mysql Customers --wait --silent --execute=SELECT 1;" at Docker container d0d9eca234a2&#xD;
[testcontainers.org 00:00:28.23] Execute "mysql Customers --wait --silent --execute=SELECT 1;" at Docker container d0d9eca234a2&#xD;
[testcontainers.org 00:00:29.67] Execute "mysql Customers --wait --silent --execute=SELECT 1;" at Docker container d0d9eca234a2&#xD;
[testcontainers.org 00:00:30.85] Execute "mysql Customers --wait --silent --execute=SELECT 1;" at Docker container d0d9eca234a2&#xD;
[testcontainers.org 00:00:32.24] Execute "mysql Customers --wait --silent --execute=SELECT 1;" at Docker container d0d9eca234a2&#xD;
[testcontainers.org 00:00:34.07] Execute "mysql Customers --wait --silent --execute=SELECT 1;" at Docker container d0d9eca234a2&#xD;
[testcontainers.org 00:00:35.48] Execute "mysql Customers --wait --silent --execute=SELECT 1;" at Docker container d0d9eca234a2&#xD;
[testcontainers.org 00:00:36.75] Execute "mysql Customers --wait --silent --execute=SELECT 1;" at Docker container d0d9eca234a2&#xD;
[testcontainers.org 00:00:38.16] Execute "mysql Customers --wait --silent --execute=SELECT 1;" at Docker container d0d9eca234a2&#xD;
[testcontainers.org 00:00:39.26] Execute "mysql Customers --wait --silent --execute=SELECT 1;" at Docker container d0d9eca234a2&#xD;
[testcontainers.org 00:00:40.48] Execute "mysql Customers --wait --silent --execute=SELECT 1;" at Docker container d0d9eca234a2&#xD;
[testcontainers.org 00:00:41.63] Execute "mysql Customers --wait --silent --execute=SELECT 1;" at Docker container d0d9eca234a2&#xD;
[testcontainers.org 00:00:43.23] Execute "mysql Customers --wait --silent --execute=SELECT 1;" at Docker container d0d9eca234a2&#xD;
[testcontainers.org 00:00:44.67] Execute "mysql Customers --wait --silent --execute=SELECT 1;" at Docker container d0d9eca234a2&#xD;
[testcontainers.org 00:00:46.07] Execute "mysql Customers --wait --silent --execute=SELECT 1;" at Docker container d0d9eca234a2&#xD;
[testcontainers.org 00:00:47.48] Execute "mysql Customers --wait --silent --execute=SELECT 1;" at Docker container d0d9eca234a2&#xD;
[testcontainers.org 00:00:48.76] Execute "mysql Customers --wait --silent --execute=SELECT 1;" at Docker container d0d9eca234a2&#xD;
[testcontainers.org 00:00:49.99] Execute "mysql Customers --wait --silent --execute=SELECT 1;" at Docker container d0d9eca234a2&#xD;
[testcontainers.org 00:00:51.08] Execute "mysql Customers --wait --silent --execute=SELECT 1;" at Docker container d0d9eca234a2&#xD;
[testcontainers.org 00:00:52.18] Execute "mysql Customers --wait --silent --execute=SELECT 1;" at Docker container d0d9eca234a2&#xD;
[testcontainers.org 00:00:53.50] Execute "mysql Customers --wait --silent --execute=SELECT 1;" at Docker container d0d9eca234a2&#xD;
[testcontainers.org 00:00:53.63] Docker container d0d9eca234a2 ready&#xD;
[testcontainers.org 00:00:54.35] Docker container f4f49ba0515c created&#xD;
[testcontainers.org 00:00:54.38] Start Docker container f4f49ba0515c&#xD;
[testcontainers.org 00:00:56.36] Wait for Docker container f4f49ba0515c to complete readiness checks&#xD;
[testcontainers.org 00:01:20.16] Docker container f4f49ba0515c ready&#xD;
[testcontainers.org 00:01:20.55] Docker container cf91ee4a954e created&#xD;
[testcontainers.org 00:01:20.58] Start Docker container cf91ee4a954e&#xD;
[testcontainers.org 00:01:22.19] Execute "mkdir /var/lib/mysql-files" at Docker container cf91ee4a954e&#xD;
[testcontainers.org 00:01:22.19] Add file to tar archive: Content length: 48 byte(s), Target file: "/etc/mysql/my.cnf"&#xD;
[testcontainers.org 00:01:22.19] Copy tar archive to container: Content length: 48 byte(s), Docker container: cf91ee4a954e&#xD;
[testcontainers.org 00:01:22.30] Wait for Docker container cf91ee4a954e to complete readiness checks&#xD;
[testcontainers.org 00:01:22.32] Execute "mysql Customers --wait --silent --execute=SELECT 1;" at Docker container cf91ee4a954e&#xD;
[testcontainers.org 00:01:23.44] Execute "mysql Customers --wait --silent --execute=SELECT 1;" at Docker container cf91ee4a954e&#xD;
[testcontainers.org 00:01:24.54] Execute "mysql Customers --wait --silent --execute=SELECT 1;" at Docker container cf91ee4a954e&#xD;
[testcontainers.org 00:01:25.66] Execute "mysql Customers --wait --silent --execute=SELECT 1;" at Docker container cf91ee4a954e&#xD;
[testcontainers.org 00:01:26.78] Execute "mysql Customers --wait --silent --execute=SELECT 1;" at Docker container cf91ee4a954e&#xD;
[testcontainers.org 00:01:27.89] Execute "mysql Customers --wait --silent --execute=SELECT 1;" at Docker container cf91ee4a954e&#xD;
[testcontainers.org 00:01:29.00] Execute "mysql Customers --wait --silent --execute=SELECT 1;" at Docker container cf91ee4a954e&#xD;
[testcontainers.org 00:01:30.09] Execute "mysql Customers --wait --silent --execute=SELECT 1;" at Docker container cf91ee4a954e&#xD;
[testcontainers.org 00:01:31.21] Execute "mysql Customers --wait --silent --execute=SELECT 1;" at Docker container cf91ee4a954e&#xD;
[testcontainers.org 00:01:32.45] Execute "mysql Customers --wait --silent --execute=SELECT 1;" at Docker container cf91ee4a954e&#xD;
[testcontainers.org 00:01:33.58] Execute "mysql Customers --wait --silent --execute=SELECT 1;" at Docker container cf91ee4a954e&#xD;
[testcontainers.org 00:01:34.67] Execute "mysql Customers --wait --silent --execute=SELECT 1;" at Docker container cf91ee4a954e&#xD;
[testcontainers.org 00:01:35.78] Execute "mysql Customers --wait --silent --execute=SELECT 1;" at Docker container cf91ee4a954e&#xD;
[testcontainers.org 00:01:36.88] Execute "mysql Customers --wait --silent --execute=SELECT 1;" at Docker container cf91ee4a954e&#xD;
[testcontainers.org 00:01:37.98] Execute "mysql Customers --wait --silent --execute=SELECT 1;" at Docker container cf91ee4a954e&#xD;
[testcontainers.org 00:01:39.08] Execute "mysql Customers --wait --silent --execute=SELECT 1;" at Docker container cf91ee4a954e&#xD;
[testcontainers.org 00:01:40.20] Execute "mysql Customers --wait --silent --execute=SELECT 1;" at Docker container cf91ee4a954e&#xD;
[testcontainers.org 00:01:41.32] Execute "mysql Customers --wait --silent --execute=SELECT 1;" at Docker container cf91ee4a954e&#xD;
[testcontainers.org 00:01:42.43] Execute "mysql Customers --wait --silent --execute=SELECT 1;" at Docker container cf91ee4a954e&#xD;
[testcontainers.org 00:01:43.57] Execute "mysql Customers --wait --silent --execute=SELECT 1;" at Docker container cf91ee4a954e&#xD;
[testcontainers.org 00:01:44.69] Execute "mysql Customers --wait --silent --execute=SELECT 1;" at Docker container cf91ee4a954e&#xD;
[testcontainers.org 00:01:45.93] Execute "mysql Customers --wait --silent --execute=SELECT 1;" at Docker container cf91ee4a954e&#xD;
[testcontainers.org 00:01:47.17] Execute "mysql Customers --wait --silent --execute=SELECT 1;" at Docker container cf91ee4a954e&#xD;
[testcontainers.org 00:01:48.33] Execute "mysql Customers --wait --silent --execute=SELECT 1;" at Docker container cf91ee4a954e&#xD;
[testcontainers.org 00:01:49.50] Execute "mysql Customers --wait --silent --execute=SELECT 1;" at Docker container cf91ee4a954e&#xD;
[testcontainers.org 00:01:50.60] Execute "mysql Customers --wait --silent --execute=SELECT 1;" at Docker container cf91ee4a954e&#xD;
[testcontainers.org 00:01:51.70] Execute "mysql Customers --wait --silent --execute=SELECT 1;" at Docker container cf91ee4a954e&#xD;
[testcontainers.org 00:01:52.79] Execute "mysql Customers --wait --silent --execute=SELECT 1;" at Docker container cf91ee4a954e&#xD;
[testcontainers.org 00:01:53.88] Execute "mysql Customers --wait --silent --execute=SELECT 1;" at Docker container cf91ee4a954e&#xD;
[testcontainers.org 00:01:54.01] Docker container cf91ee4a954e ready&#xD;
Given a RabbitMQ queue named simple_queue&#xD;
-&gt; done: RabbitMqTestStepDefinitions.GivenARabbitMQQueueNamed("simple_queue") (0.0s)&#xD;
When I publish a message to the queue simple_queue&#xD;
-&gt; done: RabbitMqTestStepDefinitions.WhenIPublishASimpleMessageToTheQueue("simple_queue") (0.0s)&#xD;
Then the message from simple_queue should be consumed and validated&#xD;
[testcontainers.org 00:01:54.73] Docker container 7da04833340a created&#xD;
[testcontainers.org 00:01:54.75] Start Docker container 7da04833340a&#xD;
-&gt; done: RabbitMqTestStepDefinitions.ThenTheMessageShouldBeConsumedAndValidated("simple_queue") (1.1s)&#xD;
[testcontainers.org 00:01:55.58] Delete Docker container d0d9eca234a2&#xD;
[testcontainers.org 00:01:56.44] Execute "mkdir /var/lib/mysql-files" at Docker container 7da04833340a&#xD;
[testcontainers.org 00:01:56.44] Add file to tar archive: Content length: 48 byte(s), Target file: "/etc/mysql/my.cnf"&#xD;
[testcontainers.org 00:01:56.44] Copy tar archive to container: Content length: 48 byte(s), Docker container: 7da04833340a&#xD;
[testcontainers.org 00:01:57.07] Wait for Docker container 7da04833340a to complete readiness checks&#xD;
[testcontainers.org 00:01:57.10] Execute "mysql Customers --wait --silent --execute=SELECT 1;" at Docker container 7da04833340a&#xD;
[testcontainers.org 00:01:57.85] Delete Docker container f4f49ba0515c&#xD;
[testcontainers.org 00:01:58.28] Execute "mysql Customers --wait --silent --execute=SELECT 1;" at Docker container 7da04833340a&#xD;
[testcontainers.org 00:01:58.98] Delete Docker container cf91ee4a954e&#xD;
[testcontainers.org 00:01:59.76] Execute "mysql Customers --wait --silent --execute=SELECT 1;" at Docker container 7da04833340a&#xD;
&#xD;
[testcontainers.org 00:02:00.74] Docker container ad4f9a7ddcb7 created&#xD;
[testcontainers.org 00:02:00.76] Start Docker container ad4f9a7ddcb7&#xD;
[testcontainers.org 00:02:04.28] Execute "mkdir /var/lib/mysql-files" at Docker container ad4f9a7ddcb7&#xD;
[testcontainers.org 00:02:04.28] Add file to tar archive: Content length: 48 byte(s), Target file: "/etc/mysql/my.cnf"&#xD;
[testcontainers.org 00:02:04.28] Copy tar archive to container: Content length: 48 byte(s), Docker container: ad4f9a7ddcb7&#xD;
[testcontainers.org 00:02:04.48] Wait for Docker container ad4f9a7ddcb7 to complete readiness checks&#xD;
[testcontainers.org 00:02:04.49] Execute "mysql Customers --wait --silent --execute=SELECT 1;" at Docker container ad4f9a7ddcb7&#xD;
[testcontainers.org 00:02:05.75] Execute "mysql Customers --wait --silent --execute=SELECT 1;" at Docker container ad4f9a7ddcb7&#xD;
[testcontainers.org 00:02:06.85] Execute "mysql Customers --wait --silent --execute=SELECT 1;" at Docker container ad4f9a7ddcb7&#xD;
[testcontainers.org 00:02:08.07] Execute "mysql Customers --wait --silent --execute=SELECT 1;" at Docker container ad4f9a7ddcb7&#xD;
[testcontainers.org 00:02:09.17] Execute "mysql Customers --wait --silent --execute=SELECT 1;" at Docker container ad4f9a7ddcb7&#xD;
[testcontainers.org 00:02:10.44] Execute "mysql Customers --wait --silent --execute=SELECT 1;" at Docker container ad4f9a7ddcb7&#xD;
[testcontainers.org 00:02:11.62] Execute "mysql Customers --wait --silent --execute=SELECT 1;" at Docker container ad4f9a7ddcb7&#xD;
[testcontainers.org 00:02:12.94] Execute "mysql Customers --wait --silent --execute=SELECT 1;" at Docker container ad4f9a7ddcb7&#xD;
[testcontainers.org 00:02:14.34] Execute "mysql Customers --wait --silent --execute=SELECT 1;" at Docker container ad4f9a7ddcb7&#xD;
[testcontainers.org 00:02:15.73] Execute "mysql Customers --wait --silent --execute=SELECT 1;" at Docker container ad4f9a7ddcb7&#xD;
[testcontainers.org 00:02:17.28] Execute "mysql Customers --wait --silent --execute=SELECT 1;" at Docker container ad4f9a7ddcb7&#xD;
[testcontainers.org 00:02:18.37] Execute "mysql Customers --wait --silent --execute=SELECT 1;" at Docker container ad4f9a7ddcb7&#xD;
[testcontainers.org 00:02:19.47] Execute "mysql Customers --wait --silent --execute=SELECT 1;" at Docker container ad4f9a7ddcb7&#xD;
[testcontainers.org 00:02:20.88] Execute "mysql Customers --wait --silent --execute=SELECT 1;" at Docker container ad4f9a7ddcb7&#xD;
[testcontainers.org 00:02:21.99] Execute "mysql Customers --wait --silent --execute=SELECT 1;" at Docker container ad4f9a7ddcb7&#xD;
[testcontainers.org 00:02:23.47] Execute "mysql Customers --wait --silent --execute=SELECT 1;" at Docker container ad4f9a7ddcb7&#xD;
[testcontainers.org 00:02:24.57] Execute "mysql Customers --wait --silent --execute=SELECT 1;" at Docker container ad4f9a7ddcb7&#xD;
[testcontainers.org 00:02:25.66] Execute "mysql Customers --wait --silent --execute=SELECT 1;" at Docker container ad4f9a7ddcb7&#xD;
[testcontainers.org 00:02:26.78] Execute "mysql Customers --wait --silent --execute=SELECT 1;" at Docker container ad4f9a7ddcb7&#xD;
[testcontainers.org 00:02:28.09] Execute "mysql Customers --wait --silent --execute=SELECT 1;" at Docker container ad4f9a7ddcb7&#xD;
[testcontainers.org 00:02:29.29] Execute "mysql Customers --wait --silent --execute=SELECT 1;" at Docker container ad4f9a7ddcb7&#xD;
[testcontainers.org 00:02:30.42] Execute "mysql Customers --wait --silent --execute=SELECT 1;" at Docker container ad4f9a7ddcb7&#xD;
[testcontainers.org 00:02:31.52] Execute "mysql Customers --wait --silent --execute=SELECT 1;" at Docker container ad4f9a7ddcb7&#xD;
[testcontainers.org 00:02:32.89] Execute "mysql Customers --wait --silent --execute=SELECT 1;" at Docker container ad4f9a7ddcb7&#xD;
[testcontainers.org 00:02:34.08] Execute "mysql Customers --wait --silent --execute=SELECT 1;" at Docker container ad4f9a7ddcb7&#xD;
[testcontainers.org 00:02:35.49] Execute "mysql Customers --wait --silent --execute=SELECT 1;" at Docker container ad4f9a7ddcb7&#xD;
[testcontainers.org 00:02:36.83] Execute "mysql Customers --wait --silent --execute=SELECT 1;" at Docker container ad4f9a7ddcb7&#xD;
[testcontainers.org 00:02:37.92] Execute "mysql Customers --wait --silent --execute=SELECT 1;" at Docker container ad4f9a7ddcb7&#xD;
[testcontainers.org 00:02:39.21] Execute "mysql Customers --wait --silent --execute=SELECT 1;" at Docker container ad4f9a7ddcb7&#xD;
[testcontainers.org 00:02:40.50] Execute "mysql Customers --wait --silent --execute=SELECT 1;" at Docker container ad4f9a7ddcb7&#xD;
[testcontainers.org 00:02:41.85] Execute "mysql Customers --wait --silent --execute=SELECT 1;" at Docker container ad4f9a7ddcb7&#xD;
[testcontainers.org 00:02:43.23] Execute "mysql Customers --wait --silent --execute=SELECT 1;" at Docker container ad4f9a7ddcb7&#xD;
[testcontainers.org 00:02:45.08] Execute "mysql Customers --wait --silent --execute=SELECT 1;" at Docker container ad4f9a7ddcb7&#xD;
[testcontainers.org 00:02:46.68] Execute "mysql Customers --wait --silent --execute=SELECT 1;" at Docker container ad4f9a7ddcb7&#xD;
[testcontainers.org 00:02:47.87] Execute "mysql Customers --wait --silent --execute=SELECT 1;" at Docker container ad4f9a7ddcb7&#xD;
[testcontainers.org 00:02:49.08] Execute "mysql Customers --wait --silent --execute=SELECT 1;" at Docker container ad4f9a7ddcb7&#xD;
[testcontainers.org 00:02:50.48] Execute "mysql Customers --wait --silent --execute=SELECT 1;" at Docker container ad4f9a7ddcb7&#xD;
[testcontainers.org 00:02:51.57] Execute "mysql Customers --wait --silent --execute=SELECT 1;" at Docker container ad4f9a7ddcb7&#xD;
[testcontainers.org 00:02:52.92] Execute "mysql Customers --wait --silent --execute=SELECT 1;" at Docker container ad4f9a7ddcb7&#xD;
[testcontainers.org 00:02:54.35] Execute "mysql Customers --wait --silent --execute=SELECT 1;" at Docker container ad4f9a7ddcb7&#xD;
[testcontainers.org 00:02:55.88] Execute "mysql Customers --wait --silent --execute=SELECT 1;" at Docker container ad4f9a7ddcb7&#xD;
[testcontainers.org 00:02:56.99] Execute "mysql Customers --wait --silent --execute=SELECT 1;" at Docker container ad4f9a7ddcb7&#xD;
[testcontainers.org 00:02:58.42] Execute "mysql Customers --wait --silent --execute=SELECT 1;" at Docker container ad4f9a7ddcb7&#xD;
[testcontainers.org 00:02:58.53] Docker container ad4f9a7ddcb7 ready&#xD;
[testcontainers.org 00:02:59.04] Docker container 9743f0b239c9 created&#xD;
[testcontainers.org 00:02:59.07] Start Docker container 9743f0b239c9&#xD;
[testcontainers.org 00:03:00.87] Wait for Docker container 9743f0b239c9 to complete readiness checks&#xD;
[testcontainers.org 00:03:21.76] Docker container 9743f0b239c9 ready&#xD;
[testcontainers.org 00:03:22.04] Docker container 9be500e2834b created&#xD;
[testcontainers.org 00:03:22.07] Start Docker container 9be500e2834b&#xD;
[testcontainers.org 00:03:23.57] Execute "mkdir /var/lib/mysql-files" at Docker container 9be500e2834b&#xD;
[testcontainers.org 00:03:23.57] Add file to tar archive: Content length: 48 byte(s), Target file: "/etc/mysql/my.cnf"&#xD;
[testcontainers.org 00:03:23.57] Copy tar archive to container: Content length: 48 byte(s), Docker container: 9be500e2834b&#xD;
[testcontainers.org 00:03:23.91] Wait for Docker container 9be500e2834b to complete readiness checks&#xD;
[testcontainers.org 00:03:23.93] Execute "mysql Customers --wait --silent --execute=SELECT 1;" at Docker container 9be500e2834b&#xD;
[testcontainers.org 00:03:25.38] Execute "mysql Customers --wait --silent --execute=SELECT 1;" at Docker container 9be500e2834b&#xD;
[testcontainers.org 00:03:26.48] Execute "mysql Customers --wait --silent --execute=SELECT 1;" at Docker container 9be500e2834b&#xD;
[testcontainers.org 00:03:27.58] Execute "mysql Customers --wait --silent --execute=SELECT 1;" at Docker container 9be500e2834b&#xD;
[testcontainers.org 00:03:28.70] Execute "mysql Customers --wait --silent --execute=SELECT 1;" at Docker container 9be500e2834b&#xD;
[testcontainers.org 00:03:29.91] Execute "mysql Customers --wait --silent --execute=SELECT 1;" at Docker container 9be500e2834b&#xD;
[testcontainers.org 00:03:31.01] Execute "mysql Customers --wait --silent --execute=SELECT 1;" at Docker container 9be500e2834b&#xD;
[testcontainers.org 00:03:32.12] Execute "mysql Customers --wait --silent --execute=SELECT 1;" at Docker container 9be500e2834b&#xD;
[testcontainers.org 00:03:33.28] Execute "mysql Customers --wait --silent --execute=SELECT 1;" at Docker container 9be500e2834b&#xD;
[testcontainers.org 00:03:34.44] Execute "mysql Customers --wait --silent --execute=SELECT 1;" at Docker container 9be500e2834b&#xD;
[testcontainers.org 00:03:35.73] Execute "mysql Customers --wait --silent --execute=SELECT 1;" at Docker container 9be500e2834b&#xD;
[testcontainers.org 00:03:36.96] Execute "mysql Customers --wait --silent --execute=SELECT 1;" at Docker container 9be500e2834b&#xD;
[testcontainers.org 00:03:38.07] Execute "mysql Customers --wait --silent --execute=SELECT 1;" at Docker container 9be500e2834b&#xD;
[testcontainers.org 00:03:39.17] Execute "mysql Customers --wait --silent --execute=SELECT 1;" at Docker container 9be500e2834b&#xD;
[testcontainers.org 00:03:40.27] Execute "mysql Customers --wait --silent --execute=SELECT 1;" at Docker container 9be500e2834b&#xD;
[testcontainers.org 00:03:41.37] Execute "mysql Customers --wait --silent --execute=SELECT 1;" at Docker container 9be500e2834b&#xD;
[testcontainers.org 00:03:42.48] Execute "mysql Customers --wait --silent --execute=SELECT 1;" at Docker container 9be500e2834b&#xD;
[testcontainers.org 00:03:43.59] Execute "mysql Customers --wait --silent --execute=SELECT 1;" at Docker container 9be500e2834b&#xD;
[testcontainers.org 00:03:44.78] Execute "mysql Customers --wait --silent --execute=SELECT 1;" at Docker container 9be500e2834b&#xD;
[testcontainers.org 00:03:46.10] Execute "mysql Customers --wait --silent --execute=SELECT 1;" at Docker container 9be500e2834b&#xD;
[testcontainers.org 00:03:47.72] Execute "mysql Customers --wait --silent --execute=SELECT 1;" at Docker container 9be500e2834b&#xD;
[testcontainers.org 00:03:48.87] Execute "mysql Customers --wait --silent --execute=SELECT 1;" at Docker container 9be500e2834b&#xD;
[testcontainers.org 00:03:50.14] Execute "mysql Customers --wait --silent --execute=SELECT 1;" at Docker container 9be500e2834b&#xD;
[testcontainers.org 00:03:51.26] Execute "mysql Customers --wait --silent --execute=SELECT 1;" at Docker container 9be500e2834b&#xD;
[testcontainers.org 00:03:52.36] Execute "mysql Customers --wait --silent --execute=SELECT 1;" at Docker container 9be500e2834b&#xD;
[testcontainers.org 00:03:53.45] Execute "mysql Customers --wait --silent --execute=SELECT 1;" at Docker container 9be500e2834b&#xD;
[testcontainers.org 00:03:54.54] Execute "mysql Customers --wait --silent --execute=SELECT 1;" at Docker container 9be500e2834b&#xD;
[testcontainers.org 00:03:55.68] Execute "mysql Customers --wait --silent --execute=SELECT 1;" at Docker container 9be500e2834b&#xD;
[testcontainers.org 00:03:56.01] Docker container 9be500e2834b ready&#xD;
Given a RabbitMQ queue named complex_queue&#xD;
-&gt; done: RabbitMqTestStepDefinitions.GivenARabbitMQQueueNamed("complex_queue") (0.0s)&#xD;
When I publish a complex message to the queue&#xD;
-&gt; done: RabbitMqTestStepDefinitions.WhenIPublishAComplexMessageToTheQueue() (0.0s)&#xD;
Then the message from complex_queue should be consumed and validated&#xD;
[testcontainers.org 00:03:56.49] Docker container dae52df92e88 created&#xD;
[testcontainers.org 00:03:56.52] Start Docker container dae52df92e88&#xD;
-&gt; done: RabbitMqTestStepDefinitions.ThenTheMessageShouldBeConsumedAndValidated("complex_queue") (1.0s)&#xD;
[testcontainers.org 00:03:57.30] Delete Docker container ad4f9a7ddcb7&#xD;
[testcontainers.org 00:03:58.42] Delete Docker container 9743f0b239c9&#xD;
[testcontainers.org 00:03:59.09] Execute "mkdir /var/lib/mysql-files" at Docker container dae52df92e88&#xD;
[testcontainers.org 00:03:59.09] Add file to tar archive: Content length: 48 byte(s), Target file: "/etc/mysql/my.cnf"&#xD;
[testcontainers.org 00:03:59.09] Copy tar archive to container: Content length: 48 byte(s), Docker container: dae52df92e88&#xD;
[testcontainers.org 00:03:59.41] Wait for Docker container dae52df92e88 to complete readiness checks&#xD;
[testcontainers.org 00:03:59.67] Execute "mysql Customers --wait --silent --execute=SELECT 1;" at Docker container dae52df92e88&#xD;
[testcontainers.org 00:04:00.42] Delete Docker container 9be500e2834b&#xD;
[testcontainers.org 00:04:01.27] Execute "mysql Customers --wait --silent --execute=SELECT 1;" at Docker container dae52df92e88&#xD;
&#xD;
[testcontainers.org 00:04:02.91] Docker container 173a57d7ee97 created&#xD;
[testcontainers.org 00:04:02.93] Start Docker container 173a57d7ee97&#xD;
[testcontainers.org 00:04:06.21] Execute "mkdir /var/lib/mysql-files" at Docker container 173a57d7ee97&#xD;
[testcontainers.org 00:04:06.21] Add file to tar archive: Content length: 48 byte(s), Target file: "/etc/mysql/my.cnf"&#xD;
[testcontainers.org 00:04:06.21] Copy tar archive to container: Content length: 48 byte(s), Docker container: 173a57d7ee97&#xD;
[testcontainers.org 00:04:06.57] Wait for Docker container 173a57d7ee97 to complete readiness checks&#xD;
[testcontainers.org 00:04:06.76] Execute "mysql Customers --wait --silent --execute=SELECT 1;" at Docker container 173a57d7ee97&#xD;
[testcontainers.org 00:04:07.98] Execute "mysql Customers --wait --silent --execute=SELECT 1;" at Docker container 173a57d7ee97&#xD;
[testcontainers.org 00:04:09.30] Execute "mysql Customers --wait --silent --execute=SELECT 1;" at Docker container 173a57d7ee97&#xD;
[testcontainers.org 00:04:10.51] Execute "mysql Customers --wait --silent --execute=SELECT 1;" at Docker container 173a57d7ee97&#xD;
[testcontainers.org 00:04:11.67] Execute "mysql Customers --wait --silent --execute=SELECT 1;" at Docker container 173a57d7ee97&#xD;
[testcontainers.org 00:04:12.78] Execute "mysql Customers --wait --silent --execute=SELECT 1;" at Docker container 173a57d7ee97&#xD;
[testcontainers.org 00:04:14.12] Execute "mysql Customers --wait --silent --execute=SELECT 1;" at Docker container 173a57d7ee97&#xD;
[testcontainers.org 00:04:15.28] Execute "mysql Customers --wait --silent --execute=SELECT 1;" at Docker container 173a57d7ee97&#xD;
[testcontainers.org 00:04:16.48] Execute "mysql Customers --wait --silent --execute=SELECT 1;" at Docker container 173a57d7ee97&#xD;
[testcontainers.org 00:04:17.57] Execute "mysql Customers --wait --silent --execute=SELECT 1;" at Docker container 173a57d7ee97&#xD;
[testcontainers.org 00:04:18.93] Execute "mysql Customers --wait --silent --execute=SELECT 1;" at Docker container 173a57d7ee97&#xD;
[testcontainers.org 00:04:20.02] Execute "mysql Customers --wait --silent --execute=SELECT 1;" at Docker container 173a57d7ee97&#xD;
[testcontainers.org 00:04:21.18] Execute "mysql Customers --wait --silent --execute=SELECT 1;" at Docker container 173a57d7ee97&#xD;
[testcontainers.org 00:04:22.27] Execute "mysql Customers --wait --silent --execute=SELECT 1;" at Docker container 173a57d7ee97&#xD;
[testcontainers.org 00:04:23.67] Execute "mysql Customers --wait --silent --execute=SELECT 1;" at Docker container 173a57d7ee97&#xD;
[testcontainers.org 00:04:24.78] Execute "mysql Customers --wait --silent --execute=SELECT 1;" at Docker container 173a57d7ee97&#xD;
[testcontainers.org 00:04:26.13] Execute "mysql Customers --wait --silent --execute=SELECT 1;" at Docker container 173a57d7ee97&#xD;
[testcontainers.org 00:04:27.52] Execute "mysql Customers --wait --silent --execute=SELECT 1;" at Docker container 173a57d7ee97&#xD;
[testcontainers.org 00:04:28.83] Execute "mysql Customers --wait --silent --execute=SELECT 1;" at Docker container 173a57d7ee97&#xD;
[testcontainers.org 00:04:29.92] Execute "mysql Customers --wait --silent --execute=SELECT 1;" at Docker container 173a57d7ee97&#xD;
[testcontainers.org 00:04:31.12] Execute "mysql Customers --wait --silent --execute=SELECT 1;" at Docker container 173a57d7ee97&#xD;
[testcontainers.org 00:04:32.28] Execute "mysql Customers --wait --silent --execute=SELECT 1;" at Docker container 173a57d7ee97&#xD;
[testcontainers.org 00:04:33.48] Execute "mysql Customers --wait --silent --execute=SELECT 1;" at Docker container 173a57d7ee97&#xD;
[testcontainers.org 00:04:34.57] Execute "mysql Customers --wait --silent --execute=SELECT 1;" at Docker container 173a57d7ee97&#xD;
[testcontainers.org 00:04:35.67] Execute "mysql Customers --wait --silent --execute=SELECT 1;" at Docker container 173a57d7ee97&#xD;
[testcontainers.org 00:04:37.12] Execute "mysql Customers --wait --silent --execute=SELECT 1;" at Docker container 173a57d7ee97&#xD;
[testcontainers.org 00:04:38.39] Execute "mysql Customers --wait --silent --execute=SELECT 1;" at Docker container 173a57d7ee97&#xD;
[testcontainers.org 00:04:39.90] Execute "mysql Customers --wait --silent --execute=SELECT 1;" at Docker container 173a57d7ee97&#xD;
[testcontainers.org 00:04:41.48] Execute "mysql Customers --wait --silent --execute=SELECT 1;" at Docker container 173a57d7ee97&#xD;
[testcontainers.org 00:04:42.82] Execute "mysql Customers --wait --silent --execute=SELECT 1;" at Docker container 173a57d7ee97&#xD;
[testcontainers.org 00:04:44.09] Execute "mysql Customers --wait --silent --execute=SELECT 1;" at Docker container 173a57d7ee97&#xD;
[testcontainers.org 00:04:45.43] Execute "mysql Customers --wait --silent --execute=SELECT 1;" at Docker container 173a57d7ee97&#xD;
[testcontainers.org 00:04:47.29] Execute "mysql Customers --wait --silent --execute=SELECT 1;" at Docker container 173a57d7ee97&#xD;
[testcontainers.org 00:04:48.54] Execute "mysql Customers --wait --silent --execute=SELECT 1;" at Docker container 173a57d7ee97&#xD;
[testcontainers.org 00:04:49.88] Execute "mysql Customers --wait --silent --execute=SELECT 1;" at Docker container 173a57d7ee97&#xD;
[testcontainers.org 00:04:51.08] Execute "mysql Customers --wait --silent --execute=SELECT 1;" at Docker container 173a57d7ee97&#xD;
[testcontainers.org 00:04:52.17] Execute "mysql Customers --wait --silent --execute=SELECT 1;" at Docker container 173a57d7ee97&#xD;
[testcontainers.org 00:04:53.35] Execute "mysql Customers --wait --silent --execute=SELECT 1;" at Docker container 173a57d7ee97&#xD;
[testcontainers.org 00:04:54.70] Execute "mysql Customers --wait --silent --execute=SELECT 1;" at Docker container 173a57d7ee97&#xD;
[testcontainers.org 00:04:55.81] Execute "mysql Customers --wait --silent --execute=SELECT 1;" at Docker container 173a57d7ee97&#xD;
[testcontainers.org 00:04:56.90] Execute "mysql Customers --wait --silent --execute=SELECT 1;" at Docker container 173a57d7ee97&#xD;
[testcontainers.org 00:04:57.99] Execute "mysql Customers --wait --silent --execute=SELECT 1;" at Docker container 173a57d7ee97&#xD;
[testcontainers.org 00:04:59.11] Execute "mysql Customers --wait --silent --execute=SELECT 1;" at Docker container 173a57d7ee97&#xD;
[testcontainers.org 00:05:00.21] Execute "mysql Customers --wait --silent --execute=SELECT 1;" at Docker container 173a57d7ee97&#xD;
[testcontainers.org 00:05:01.67] Execute "mysql Customers --wait --silent --execute=SELECT 1;" at Docker container 173a57d7ee97&#xD;
[testcontainers.org 00:05:02.80] Execute "mysql Customers --wait --silent --execute=SELECT 1;" at Docker container 173a57d7ee97&#xD;
[testcontainers.org 00:05:02.93] Docker container 173a57d7ee97 ready&#xD;
[testcontainers.org 00:05:03.83] Docker container e2cb027f0245 created&#xD;
[testcontainers.org 00:05:03.85] Start Docker container e2cb027f0245&#xD;
[testcontainers.org 00:05:05.92] Wait for Docker container e2cb027f0245 to complete readiness checks&#xD;
[testcontainers.org 00:05:26.65] Docker container e2cb027f0245 ready&#xD;
[testcontainers.org 00:05:27.18] Docker container a02ab531950e created&#xD;
[testcontainers.org 00:05:27.20] Start Docker container a02ab531950e&#xD;
[testcontainers.org 00:05:29.00] Execute "mkdir /var/lib/mysql-files" at Docker container a02ab531950e&#xD;
[testcontainers.org 00:05:29.00] Add file to tar archive: Content length: 48 byte(s), Target file: "/etc/mysql/my.cnf"&#xD;
[testcontainers.org 00:05:29.00] Copy tar archive to container: Content length: 48 byte(s), Docker container: a02ab531950e&#xD;
[testcontainers.org 00:05:29.09] Wait for Docker container a02ab531950e to complete readiness checks&#xD;
[testcontainers.org 00:05:29.10] Execute "mysql Customers --wait --silent --execute=SELECT 1;" at Docker container a02ab531950e&#xD;
[testcontainers.org 00:05:30.45] Execute "mysql Customers --wait --silent --execute=SELECT 1;" at Docker container a02ab531950e&#xD;
[testcontainers.org 00:05:31.55] Execute "mysql Customers --wait --silent --execute=SELECT 1;" at Docker container a02ab531950e&#xD;
[testcontainers.org 00:05:32.64] Execute "mysql Customers --wait --silent --execute=SELECT 1;" at Docker container a02ab531950e&#xD;
[testcontainers.org 00:05:33.77] Execute "mysql Customers --wait --silent --execute=SELECT 1;" at Docker container a02ab531950e&#xD;
[testcontainers.org 00:05:34.98] Execute "mysql Customers --wait --silent --execute=SELECT 1;" at Docker container a02ab531950e&#xD;
[testcontainers.org 00:05:36.12] Execute "mysql Customers --wait --silent --execute=SELECT 1;" at Docker container a02ab531950e&#xD;
[testcontainers.org 00:05:37.24] Execute "mysql Customers --wait --silent --execute=SELECT 1;" at Docker container a02ab531950e&#xD;
[testcontainers.org 00:05:38.55] Execute "mysql Customers --wait --silent --execute=SELECT 1;" at Docker container a02ab531950e&#xD;
[testcontainers.org 00:05:39.66] Execute "mysql Customers --wait --silent --execute=SELECT 1;" at Docker container a02ab531950e&#xD;
[testcontainers.org 00:05:40.75] Execute "mysql Customers --wait --silent --execute=SELECT 1;" at Docker container a02ab531950e&#xD;
[testcontainers.org 00:05:41.92] Execute "mysql Customers --wait --silent --execute=SELECT 1;" at Docker container a02ab531950e&#xD;
[testcontainers.org 00:05:43.19] Execute "mysql Customers --wait --silent --execute=SELECT 1;" at Docker container a02ab531950e&#xD;
[testcontainers.org 00:05:44.45] Execute "mysql Customers --wait --silent --execute=SELECT 1;" at Docker container a02ab531950e&#xD;
[testcontainers.org 00:05:45.84] Execute "mysql Customers --wait --silent --execute=SELECT 1;" at Docker container a02ab531950e&#xD;
[testcontainers.org 00:05:46.94] Execute "mysql Customers --wait --silent --execute=SELECT 1;" at Docker container a02ab531950e&#xD;
[testcontainers.org 00:05:48.06] Execute "mysql Customers --wait --silent --execute=SELECT 1;" at Docker container a02ab531950e&#xD;
[testcontainers.org 00:05:49.16] Execute "mysql Customers --wait --silent --execute=SELECT 1;" at Docker container a02ab531950e&#xD;
[testcontainers.org 00:05:50.27] Execute "mysql Customers --wait --silent --execute=SELECT 1;" at Docker container a02ab531950e&#xD;
[testcontainers.org 00:05:51.40] Execute "mysql Customers --wait --silent --execute=SELECT 1;" at Docker container a02ab531950e&#xD;
[testcontainers.org 00:05:52.51] Execute "mysql Customers --wait --silent --execute=SELECT 1;" at Docker container a02ab531950e&#xD;
[testcontainers.org 00:05:53.62] Execute "mysql Customers --wait --silent --execute=SELECT 1;" at Docker container a02ab531950e&#xD;
[testcontainers.org 00:05:55.08] Execute "mysql Customers --wait --silent --execute=SELECT 1;" at Docker container a02ab531950e&#xD;
[testcontainers.org 00:05:56.49] Execute "mysql Customers --wait --silent --execute=SELECT 1;" at Docker container a02ab531950e&#xD;
[testcontainers.org 00:05:57.59] Execute "mysql Customers --wait --silent --execute=SELECT 1;" at Docker container a02ab531950e&#xD;
[testcontainers.org 00:05:58.69] Execute "mysql Customers --wait --silent --execute=SELECT 1;" at Docker container a02ab531950e&#xD;
[testcontainers.org 00:05:59.79] Execute "mysql Customers --wait --silent --execute=SELECT 1;" at Docker container a02ab531950e&#xD;
[testcontainers.org 00:06:00.88] Execute "mysql Customers --wait --silent --execute=SELECT 1;" at Docker container a02ab531950e&#xD;
[testcontainers.org 00:06:01.99] Execute "mysql Customers --wait --silent --execute=SELECT 1;" at Docker container a02ab531950e&#xD;
[testcontainers.org 00:06:03.09] Execute "mysql Customers --wait --silent --execute=SELECT 1;" at Docker container a02ab531950e&#xD;
[testcontainers.org 00:06:03.21] Docker container a02ab531950e ready&#xD;
Given a RabbitMQ queue named list_queue&#xD;
-&gt; done: RabbitMqTestStepDefinitions.GivenARabbitMQQueueNamed("list_queue") (0.0s)&#xD;
When I publish a list message to the queue&#xD;
-&gt; done: RabbitMqTestStepDefinitions.WhenIPublishAListMessageToTheQueue() (0.0s)&#xD;
Then the message from list_queue should be consumed and validated&#xD;
[testcontainers.org 00:06:03.68] Docker container 4b680413142f created&#xD;
[testcontainers.org 00:06:03.71] Start Docker container 4b680413142f&#xD;
-&gt; done: RabbitMqTestStepDefinitions.ThenTheMessageShouldBeConsumedAndValidated("list_queue") (1.0s)&#xD;
[testcontainers.org 00:06:04.45] Delete Docker container 173a57d7ee97&#xD;
[testcontainers.org 00:06:05.47] Execute "mkdir /var/lib/mysql-files" at Docker container 4b680413142f&#xD;
[testcontainers.org 00:06:05.47] Add file to tar archive: Content length: 48 byte(s), Target file: "/etc/mysql/my.cnf"&#xD;
[testcontainers.org 00:06:05.47] Copy tar archive to container: Content length: 48 byte(s), Docker container: 4b680413142f&#xD;
[testcontainers.org 00:06:05.88] Wait for Docker container 4b680413142f to complete readiness checks&#xD;
[testcontainers.org 00:06:05.90] Execute "mysql Customers --wait --silent --execute=SELECT 1;" at Docker container 4b680413142f&#xD;
[testcontainers.org 00:06:06.41] Delete Docker container e2cb027f0245&#xD;
[testcontainers.org 00:06:07.01] Execute "mysql Customers --wait --silent --execute=SELECT 1;" at Docker container 4b680413142f&#xD;
[testcontainers.org 00:06:07.80] Delete Docker container a02ab531950e&#xD;
[testcontainers.org 00:06:08.28] Execute "mysql Customers --wait --silent --execute=SELECT 1;" at Docker container 4b680413142f&#xD;
&#xD;
NUnit Adapter 4.6.0.0: Test execution complete&#xD;
</StdOut>
    </Output>
  </ResultSummary>
</TestRun>